<?xml version="1.0" encoding="UTF-8"?>
<testExecutions version="1">
  <file path="/Users/jorge/work/node/zeromq/tests/Transport/Buffer.test.ts">
    <testCase name="should convert Object into buffer and buffer into string" duration="20"/>
  </file>
  <file path="/Users/jorge/work/node/zeromq/tests/Transport/Queue/QueueItem.test.ts">
    <testCase name="QueueItem getters" duration="55"/>
  </file>
  <file path="/Users/jorge/work/node/zeromq/tests/Transport/Patterns/Dealer-Router/router-dealer.test.ts">
    <testCase name="Send a request and receive a response" duration="29"/>
  </file>
  <file path="/Users/jorge/work/node/zeromq/tests/Transport/Patterns/Req-Rep/req-rep.test.ts">
    <testCase name="Send a request and receive a response" duration="56"/>
    <testCase name="Send a request a timeout" duration="211"/>
  </file>
  <file path="/Users/jorge/work/node/zeromq/tests/Message/Envelop.test.ts">
    <testCase name="should decorate an object" duration="2"/>
  </file>
  <file path="/Users/jorge/work/node/zeromq/tests/Transport/Queue/MessageQueue.test.ts">
    <testCase name="should be able to add an item to the queue" duration="225"/>
  </file>
  <file path="/Users/jorge/work/node/zeromq/tests/Transport/Sockets/Pool/WorkerPool.test.ts">
    <testCase name="should be able to send a `connected` event when a worker respond to ping" duration="28"/>
    <testCase name="should be able to send a `promote` event when a worker respond to ping" duration="15"/>
    <testCase name="should be able to send a `demote` event when a worker STOP responding to a ping" duration="1710"/>
  </file>
  <file path="/Users/jorge/work/node/zeromq/tests/Transport/Patterns/Pub-Sub/pub-sub.test.ts">
    <testCase name="Subscriber should receive a message from the publisher" duration="2031">
      <failure message="Error: Failed: &quot;Timeout&quot;"><![CDATA[Error: Failed: "Timeout"
    at Env.it (/Users/jorge/work/node/zeromq/node_modules/jest-jasmine2/build/jasmine_async.js:102:24)
    at it (/Users/jorge/work/node/zeromq/node_modules/jest-jasmine2/build/jasmine/jasmine_light.js:108:21)
    at Object.<anonymous> (/Users/jorge/work/node/zeromq/tests/Transport/Patterns/Pub-Sub/pub-sub.test.ts:12:1)
    at Runtime._execModule (/Users/jorge/work/node/zeromq/node_modules/jest-runtime/build/index.js:694:13)
    at Runtime.requireModule (/Users/jorge/work/node/zeromq/node_modules/jest-runtime/build/index.js:376:14)
    at /Users/jorge/work/node/zeromq/node_modules/jest-jasmine2/build/index.js:129:13
    at Generator.next (<anonymous>)
    at step (/Users/jorge/work/node/zeromq/node_modules/jest-jasmine2/build/index.js:170:30)
    at /Users/jorge/work/node/zeromq/node_modules/jest-jasmine2/build/index.js:189:14
    at new Promise (<anonymous>)]]></failure>
    </testCase>
    <testCase name="Subscriber should receive a message from the publishers" duration="210"/>
    <testCase name="Must fire a timeout error when not enough messages" duration="502"/>
  </file>
</testExecutions>